{
  "stats": {
    "suites": 1,
    "tests": 1,
    "passes": 1,
    "pending": 0,
    "failures": 0,
    "start": "2020-09-17T17:04:41.753Z",
    "end": "2020-09-17T17:04:45.120Z",
    "duration": 3367,
    "testsRegistered": 1,
    "passPercent": 100,
    "pendingPercent": 0,
    "other": 0,
    "hasOther": false,
    "skipped": 0,
    "hasSkipped": false
  },
  "results": [
    {
      "uuid": "cb9dd7b1-01ac-40fd-b9bf-3c9de1785de3",
      "title": "",
      "fullFile": "cypress/integration/E2ETest/TC01_login.spec.js",
      "file": "cypress/integration/E2ETest/TC01_login.spec.js",
      "beforeHooks": [],
      "afterHooks": [],
      "tests": [],
      "suites": [
        {
          "uuid": "4f935abb-d63a-467a-a8ae-0a4bd27d4fc7",
          "title": "Login",
          "fullFile": "",
          "file": "",
          "beforeHooks": [],
          "afterHooks": [],
          "tests": [
            {
              "title": "Sign in",
              "fullTitle": "Login Sign in",
              "timedOut": null,
              "duration": 2450,
              "state": "passed",
              "speed": "slow",
              "pass": true,
              "fail": false,
              "pending": false,
              "context": null,
              "code": "cy.clearCookies();\ncy.visit('https://www.costa.co.uk/coffee-club/login/');\ncy.get('[data-cy=cookieconsent__btn--accept]').click();\nvar email = Cypress.env('email');\nvar password = Cypress.env('password');\ncy.get('#longEmail').type(email) / cy.get('#oldPassword').type(password);\ncy.contains('Submit').should('be.visible').click();",
              "err": {},
              "uuid": "f3cc77e1-f964-46de-a579-8895d8337991",
              "parentUUID": "4f935abb-d63a-467a-a8ae-0a4bd27d4fc7",
              "isHook": false,
              "skipped": false
            }
          ],
          "suites": [],
          "passes": [
            "f3cc77e1-f964-46de-a579-8895d8337991"
          ],
          "failures": [],
          "pending": [],
          "skipped": [],
          "duration": 2450,
          "root": false,
          "rootEmpty": false,
          "_timeout": 2000
        }
      ],
      "passes": [],
      "failures": [],
      "pending": [],
      "skipped": [],
      "duration": 0,
      "root": true,
      "rootEmpty": true,
      "_timeout": 2000
    }
  ],
  "meta": {
    "mocha": {
      "version": "7.0.1"
    },
    "mochawesome": {
      "options": {
        "quiet": false,
        "reportFilename": "mochawesome",
        "saveHtml": false,
        "saveJson": true,
        "consoleReporter": "spec",
        "useInlineDiffs": false,
        "code": true
      },
      "version": "6.1.1"
    },
    "marge": {
      "options": {
        "id": "default",
        "reportDir": "cypress/reports/mocha",
        "quite": true,
        "overwrite": false,
        "html": false,
        "json": true
      },
      "version": "5.1.0"
    }
  }
}